#
# There is insufficient memory for the Java Runtime Environment to continue.
# Native memory allocation (malloc) failed to allocate 1236608 bytes for Chunk::new
# Possible reasons:
#   The system is out of physical RAM or swap space
#   In 32 bit mode, the process size limit was hit
# Possible solutions:
#   Reduce memory load on the system
#   Increase physical memory or swap space
#   Check if swap backing store is full
#   Use 64 bit Java on a 64 bit OS
#   Decrease Java heap size (-Xmx/-Xms)
#   Decrease number of Java threads
#   Decrease Java thread stack sizes (-Xss)
#   Set larger code cache with -XX:ReservedCodeCacheSize=
# This output file may be truncated or incomplete.
#
#  Out of Memory Error (allocation.cpp:390), pid=13136, tid=0x0000000000001c6c
#
# JRE version: OpenJDK Runtime Environment (8.0_144-b01) (build 1.8.0_144-1-redhat-b01)
# Java VM: OpenJDK 64-Bit Server VM (25.144-b01 mixed mode windows-amd64 compressed oops)
# Failed to write core dump. Minidumps are not enabled by default on client versions of Windows
#

---------------  T H R E A D  ---------------

Current thread (0x000000001a418000):  JavaThread "C2 CompilerThread0" daemon [_thread_in_native, id=7276, stack(0x000000001ad70000,0x000000001ae70000)]

Stack: [0x000000001ad70000,0x000000001ae70000]
[error occurred during error reporting (printing stack bounds), id 0xc0000005]

Native frames: (J=compiled Java code, j=interpreted, Vv=VM code, C=native code)


Current CompileTask:
C2: 109854 4909   !   4       org.eclipse.jdt.internal.compiler.classfmt.ClassFileReader::<init> (1723 bytes)


---------------  P R O C E S S  ---------------

Java Threads: ( => current thread )
  0x000000001cb69800 JavaThread "Worker-5" [_thread_blocked, id=9220, stack(0x0000000021920000,0x0000000021a20000)]
  0x000000001cb68800 JavaThread "Worker-4: Java indexing... " [_thread_blocked, id=11592, stack(0x00000000214d0000,0x00000000215d0000)]
  0x000000001cb67800 JavaThread "Worker-3" [_thread_blocked, id=9884, stack(0x0000000021290000,0x0000000021390000)]
  0x000000001bbea800 JavaThread "Worker-2: Updating Maven Dependencies" [_thread_blocked, id=3428, stack(0x0000000020e90000,0x0000000020f90000)]
  0x000000001bbed000 JavaThread "Bundle File Closer" daemon [_thread_blocked, id=4668, stack(0x000000001eec0000,0x000000001efc0000)]
  0x000000001bbec000 JavaThread "pool-1-thread-1" [_thread_blocked, id=7696, stack(0x000000001edc0000,0x000000001eec0000)]
  0x000000001bbea000 JavaThread "pool-2-thread-1" [_thread_blocked, id=11072, stack(0x000000001eac0000,0x000000001ebc0000)]
  0x000000001a6de800 JavaThread "Worker-1: Initialize Workspace" [_thread_in_native, id=11640, stack(0x000000001e9c0000,0x000000001eac0000)]
  0x000000001a463800 JavaThread "Java indexing" daemon [_thread_in_native, id=12808, stack(0x000000001e8c0000,0x000000001e9c0000)]
  0x000000001bf13000 JavaThread "Worker-0" [_thread_blocked, id=14060, stack(0x000000001e3c0000,0x000000001e4c0000)]
  0x000000001bb59000 JavaThread "Worker-JM" [_thread_blocked, id=8964, stack(0x000000001e0c0000,0x000000001e1c0000)]
  0x000000001c341000 JavaThread "Refresh Thread: Equinox Container: 6d81def1-982c-49b5-b720-e5fcd0831af6" daemon [_thread_blocked, id=10804, stack(0x000000001d9d0000,0x000000001dad0000)]
  0x000000001be6e800 JavaThread "Start Level: Equinox Container: 6d81def1-982c-49b5-b720-e5fcd0831af6" daemon [_thread_blocked, id=1564, stack(0x000000001d4d0000,0x000000001d5d0000)]
  0x000000001b88e800 JavaThread "Framework Event Dispatcher: Equinox Container: 6d81def1-982c-49b5-b720-e5fcd0831af6" daemon [_thread_blocked, id=15028, stack(0x000000001d2d0000,0x000000001d3d0000)]
  0x000000001bcb5000 JavaThread "Active Thread: Equinox Container: 6d81def1-982c-49b5-b720-e5fcd0831af6" [_thread_blocked, id=8256, stack(0x000000001d1d0000,0x000000001d2d0000)]
  0x000000001a4a0000 JavaThread "Service Thread" daemon [_thread_blocked, id=10996, stack(0x000000001b070000,0x000000001b170000)]
  0x000000001a41c000 JavaThread "C1 CompilerThread2" daemon [_thread_blocked, id=3008, stack(0x000000001af70000,0x000000001b070000)]
  0x000000001a419000 JavaThread "C2 CompilerThread1" daemon [_thread_blocked, id=4652, stack(0x000000001ae70000,0x000000001af70000)]
=>0x000000001a418000 JavaThread "C2 CompilerThread0" daemon [_thread_in_native, id=7276, stack(0x000000001ad70000,0x000000001ae70000)]
  0x000000001a417800 JavaThread "Attach Listener" daemon [_thread_blocked, id=3160, stack(0x000000001ac70000,0x000000001ad70000)]
  0x000000001a408000 JavaThread "Signal Dispatcher" daemon [_thread_blocked, id=4944, stack(0x000000001ab70000,0x000000001ac70000)]
  0x000000001a406800 JavaThread "Surrogate Locker Thread (Concurrent GC)" daemon [_thread_blocked, id=8388, stack(0x000000001aa70000,0x000000001ab70000)]
  0x000000001a3ae000 JavaThread "Finalizer" daemon [_thread_blocked, id=12448, stack(0x000000001a870000,0x000000001a970000)]
  0x000000001a3a5000 JavaThread "Reference Handler" daemon [_thread_blocked, id=7400, stack(0x000000001a770000,0x000000001a870000)]
  0x0000000004562800 JavaThread "main" [_thread_blocked, id=3004, stack(0x0000000004460000,0x0000000004560000)]

Other Threads:
  0x000000001a3a0000 VMThread [stack: 0x000000001a0a0000,0x000000001a1a0000] [id=1304]
  0x000000001a469000 WatcherThread [stack: 0x000000001b170000,0x000000001b270000] [id=11956]

VM state:not at safepoint (normal execution)

VM Mutex/Monitor currently owned by a thread: None

Heap:
 garbage-first heap   total 253952K, used 189376K [0x00000000c0000000, 0x00000000c01007c0, 0x0000000100000000)
  region size 1024K, 88 young (90112K), 14 survivors (14336K)
 Metaspace       used 39145K, capacity 41366K, committed 41472K, reserved 1085440K
  class space    used 4071K, capacity 4821K, committed 4864K, reserved 1048576K

Heap Regions: (Y=young(eden), SU=young(survivor), HS=humongous(starts), HC=humongous(continues), CS=collection set, F=free, TS=gc time stamp, PTAMS=previous top-at-mark-start, NTAMS=next top-at-mark-start)
AC   0  O    TS     0 PTAMS 0x00000000c0100000 NTAMS 0x00000000c0100000 space 1024K, 100% used [0x00000000c0000000, 0x00000000c0100000)
AC   0  O    TS     0 PTAMS 0x00000000c0200000 NTAMS 0x00000000c0200000 space 1024K, 100% used [0x00000000c0100000, 0x00000000c0200000)
AC   0  O    TS     0 PTAMS 0x00000000c0300000 NTAMS 0x00000000c0300000 space 1024K, 100% used [0x00000000c0200000, 0x00000000c0300000)
AC   0  O    TS     0 PTAMS 0x00000000c0400000 NTAMS 0x00000000c0400000 space 1024K, 100% used [0x00000000c0300000, 0x00000000c0400000)
AC   0  O    TS     0 PTAMS 0x00000000c0500000 NTAMS 0x00000000c0500000 space 1024K, 100% used [0x00000000c0400000, 0x00000000c0500000)
AC   0  O    TS     0 PTAMS 0x00000000c0600000 NTAMS 0x00000000c0600000 space 1024K, 100% used [0x00000000c0500000, 0x00000000c0600000)
AC   0  O    TS     0 PTAMS 0x00000000c0700000 NTAMS 0x00000000c0700000 space 1024K, 100% used [0x00000000c0600000, 0x00000000c0700000)
AC   0  O    TS     0 PTAMS 0x00000000c0800000 NTAMS 0x00000000c0800000 space 1024K, 100% used [0x00000000c0700000, 0x00000000c0800000)
AC   0  O    TS     0 PTAMS 0x00000000c0900000 NTAMS 0x00000000c0900000 space 1024K, 100% used [0x00000000c0800000, 0x00000000c0900000)
AC   0  O    TS     0 PTAMS 0x00000000c0a00000 NTAMS 0x00000000c0a00000 space 1024K, 100% used [0x00000000c0900000, 0x00000000c0a00000)
AC   0  O    TS     0 PTAMS 0x00000000c0b00000 NTAMS 0x00000000c0b00000 space 1024K, 100% used [0x00000000c0a00000, 0x00000000c0b00000)
AC   0  O    TS     0 PTAMS 0x00000000c0c00000 NTAMS 0x00000000c0c00000 space 1024K, 100% used [0x00000000c0b00000, 0x00000000c0c00000)
AC   0  O    TS     0 PTAMS 0x00000000c0d00000 NTAMS 0x00000000c0d00000 space 1024K, 100% used [0x00000000c0c00000, 0x00000000c0d00000)
AC   0  O    TS     0 PTAMS 0x00000000c0e00000 NTAMS 0x00000000c0e00000 space 1024K, 100% used [0x00000000c0d00000, 0x00000000c0e00000)
AC   0  O    TS     0 PTAMS 0x00000000c0f00000 NTAMS 0x00000000c0f00000 space 1024K, 100% used [0x00000000c0e00000, 0x00000000c0f00000)
AC   0  O    TS     0 PTAMS 0x00000000c1000000 NTAMS 0x00000000c1000000 space 1024K, 100% used [0x00000000c0f00000, 0x00000000c1000000)
AC   0  O    TS     0 PTAMS 0x00000000c1100000 NTAMS 0x00000000c1100000 space 1024K, 100% used [0x00000000c1000000, 0x00000000c1100000)
AC   0  O    TS     0 PTAMS 0x00000000c1200000 NTAMS 0x00000000c1200000 space 1024K, 100% used [0x00000000c1100000, 0x00000000c1200000)
AC   0  O    TS     0 PTAMS 0x00000000c1300000 NTAMS 0x00000000c1300000 space 1024K, 100% used [0x00000000c1200000, 0x00000000c1300000)
AC   0  O    TS     0 PTAMS 0x00000000c1400000 NTAMS 0x00000000c1400000 space 1024K, 100% used [0x00000000c1300000, 0x00000000c1400000)
AC   0  O    TS     0 PTAMS 0x00000000c1500000 NTAMS 0x00000000c1500000 space 1024K, 100% used [0x00000000c1400000, 0x00000000c1500000)
AC   0  O    TS     0 PTAMS 0x00000000c1600000 NTAMS 0x00000000c1600000 space 1024K, 100% used [0x00000000c1500000, 0x00000000c1600000)
AC   0  O    TS     0 PTAMS 0x00000000c1700000 NTAMS 0x00000000c1700000 space 1024K, 100% used [0x00000000c1600000, 0x00000000c1700000)
AC   0  O    TS     0 PTAMS 0x00000000c1800000 NTAMS 0x00000000c1800000 space 1024K, 100% used [0x00000000c1700000, 0x00000000c1800000)
AC   0  O    TS     0 PTAMS 0x00000000c1900000 NTAMS 0x00000000c1900000 space 1024K, 100% used [0x00000000c1800000, 0x00000000c1900000)
AC   0  O    TS     0 PTAMS 0x00000000c196a000 NTAMS 0x00000000c196a000 space 1024K, 100% used [0x00000000c1900000, 0x00000000c1a00000)
AC   0  O    TS     0 PTAMS 0x00000000c1b00000 NTAMS 0x00000000c1b00000 space 1024K, 100% used [0x00000000c1a00000, 0x00000000c1b00000)
AC   0  O    TS     3 PTAMS 0x00000000c1b00000 NTAMS 0x00000000c1b00000 space 1024K, 100% used [0x00000000c1b00000, 0x00000000c1c00000)
AC   0  O    TS     0 PTAMS 0x00000000c1d00000 NTAMS 0x00000000c1d00000 space 1024K, 100% used [0x00000000c1c00000, 0x00000000c1d00000)
AC   0  O    TS     0 PTAMS 0x00000000c1e00000 NTAMS 0x00000000c1e00000 space 1024K, 100% used [0x00000000c1d00000, 0x00000000c1e00000)
AC   0  O    TS     0 PTAMS 0x00000000c1f00000 NTAMS 0x00000000c1f00000 space 1024K, 100% used [0x00000000c1e00000, 0x00000000c1f00000)
AC   0  O    TS     0 PTAMS 0x00000000c2000000 NTAMS 0x00000000c2000000 space 1024K, 100% used [0x00000000c1f00000, 0x00000000c2000000)
AC   0  O    TS     0 PTAMS 0x00000000c2100000 NTAMS 0x00000000c2100000 space 1024K, 100% used [0x00000000c2000000, 0x00000000c2100000)
AC   0  O    TS     0 PTAMS 0x00000000c2200000 NTAMS 0x00000000c2200000 space 1024K, 100% used [0x00000000c2100000, 0x00000000c2200000)
AC   0  O    TS     5 PTAMS 0x00000000c2200000 NTAMS 0x00000000c2200000 space 1024K, 100% used [0x00000000c2200000, 0x00000000c2300000)
AC   0  O    TS     0 PTAMS 0x00000000c2400000 NTAMS 0x00000000c2400000 space 1024K, 100% used [0x00000000c2300000, 0x00000000c2400000)
AC   0 HS    TS     0 PTAMS 0x00000000c24d8008 NTAMS 0x00000000c24d8008 space 1024K,  84% used [0x00000000c2400000, 0x00000000c2500000)
AC   0  O    TS     0 PTAMS 0x00000000c2600000 NTAMS 0x00000000c2600000 space 1024K, 100% used [0x00000000c2500000, 0x00000000c2600000)
AC   0  O    TS     0 PTAMS 0x00000000c2700000 NTAMS 0x00000000c2700000 space 1024K, 100% used [0x00000000c2600000, 0x00000000c2700000)
AC   0  O    TS     0 PTAMS 0x00000000c2800000 NTAMS 0x00000000c2800000 space 1024K, 100% used [0x00000000c2700000, 0x00000000c2800000)
AC   0  O    TS     0 PTAMS 0x00000000c2900000 NTAMS 0x00000000c2900000 space 1024K, 100% used [0x00000000c2800000, 0x00000000c2900000)
AC   0  O    TS     0 PTAMS 0x00000000c2a00000 NTAMS 0x00000000c2a00000 space 1024K, 100% used [0x00000000c2900000, 0x00000000c2a00000)
AC   0  O    TS     0 PTAMS 0x00000000c2b00000 NTAMS 0x00000000c2b00000 space 1024K, 100% used [0x00000000c2a00000, 0x00000000c2b00000)
AC   0  O    TS     0 PTAMS 0x00000000c2c00000 NTAMS 0x00000000c2c00000 space 1024K, 100% used [0x00000000c2b00000, 0x00000000c2c00000)
AC   0  O    TS     0 PTAMS 0x00000000c2d00000 NTAMS 0x00000000c2d00000 space 1024K, 100% used [0x00000000c2c00000, 0x00000000c2d00000)
AC   0  O    TS     0 PTAMS 0x00000000c2e00000 NTAMS 0x00000000c2e00000 space 1024K, 100% used [0x00000000c2d00000, 0x00000000c2e00000)
AC   0  O    TS     0 PTAMS 0x00000000c2f00000 NTAMS 0x00000000c2f00000 space 1024K, 100% used [0x00000000c2e00000, 0x00000000c2f00000)
AC   0  O    TS     0 PTAMS 0x00000000c3000000 NTAMS 0x00000000c3000000 space 1024K, 100% used [0x00000000c2f00000, 0x00000000c3000000)
AC   0  O    TS     0 PTAMS 0x00000000c3100000 NTAMS 0x00000000c3100000 space 1024K, 100% used [0x00000000c3000000, 0x00000000c3100000)
AC   0  O    TS     0 PTAMS 0x00000000c3200000 NTAMS 0x00000000c3200000 space 1024K, 100% used [0x00000000c3100000, 0x00000000c3200000)
AC   0  O    TS     0 PTAMS 0x00000000c3300000 NTAMS 0x00000000c3300000 space 1024K, 100% used [0x00000000c3200000, 0x00000000c3300000)
AC   0  O    TS     0 PTAMS 0x00000000c3400000 NTAMS 0x00000000c3400000 space 1024K, 100% used [0x00000000c3300000, 0x00000000c3400000)
AC   0  O    TS     0 PTAMS 0x00000000c3500000 NTAMS 0x00000000c3500000 space 1024K, 100% used [0x00000000c3400000, 0x00000000c3500000)
AC   0  O    TS     5 PTAMS 0x00000000c3500000 NTAMS 0x00000000c3500000 space 1024K, 100% used [0x00000000c3500000, 0x00000000c3600000)
AC   0  O    TS     0 PTAMS 0x00000000c3700000 NTAMS 0x00000000c3700000 space 1024K, 100% used [0x00000000c3600000, 0x00000000c3700000)
AC   0  O    TS     0 PTAMS 0x00000000c3800000 NTAMS 0x00000000c3800000 space 1024K, 100% used [0x00000000c3700000, 0x00000000c3800000)
AC   0 HS    TS     0 PTAMS 0x00000000c3800000 NTAMS 0x00000000c3800000 space 2048K,  84% used [0x00000000c3800000, 0x00000000c3a00000)
AC   0 HC    TS     0 PTAMS 0x00000000c3900000 NTAMS 0x00000000c3900000 space 1024K,  68% used [0x00000000c3900000, 0x00000000c3a00000)
AC   0  O    TS     5 PTAMS 0x00000000c3a00000 NTAMS 0x00000000c3a00000 space 1024K, 100% used [0x00000000c3a00000, 0x00000000c3b00000)
AC   0  O    TS     5 PTAMS 0x00000000c3b00000 NTAMS 0x00000000c3b00000 space 1024K, 100% used [0x00000000c3b00000, 0x00000000c3c00000)
AC   0  O    TS     5 PTAMS 0x00000000c3c00000 NTAMS 0x00000000c3c00000 space 1024K, 100% used [0x00000000c3c00000, 0x00000000c3d00000)
AC   0  O    TS     5 PTAMS 0x00000000c3d00000 NTAMS 0x00000000c3d00000 space 1024K, 100% used [0x00000000c3d00000, 0x00000000c3e00000)
AC   0  O    TS     5 PTAMS 0x00000000c3e00000 NTAMS 0x00000000c3e00000 space 1024K, 100% used [0x00000000c3e00000, 0x00000000c3f00000)
AC   0  O    TS     5 PTAMS 0x00000000c3f00000 NTAMS 0x00000000c3f00000 space 1024K, 100% used [0x00000000c3f00000, 0x00000000c4000000)
AC   0  O    TS     5 PTAMS 0x00000000c4000000 NTAMS 0x00000000c4000000 space 1024K, 100% used [0x00000000c4000000, 0x00000000c4100000)
AC   0  O    TS     5 PTAMS 0x00000000c4100000 NTAMS 0x00000000c4100000 space 1024K, 100% used [0x00000000c4100000, 0x00000000c4200000)
AC   0  O    TS     5 PTAMS 0x00000000c4200000 NTAMS 0x00000000c4200000 space 1024K, 100% used [0x00000000c4200000, 0x00000000c4300000)
AC   0  O    TS     5 PTAMS 0x00000000c4300000 NTAMS 0x00000000c4300000 space 1024K, 100% used [0x00000000c4300000, 0x00000000c4400000)
AC   0  O    TS     5 PTAMS 0x00000000c4400000 NTAMS 0x00000000c4400000 space 1024K, 100% used [0x00000000c4400000, 0x00000000c4500000)
AC   0  O    TS     5 PTAMS 0x00000000c4500000 NTAMS 0x00000000c4500000 space 1024K, 100% used [0x00000000c4500000, 0x00000000c4600000)
AC   0  O    TS     5 PTAMS 0x00000000c4600000 NTAMS 0x00000000c4600000 space 1024K, 100% used [0x00000000c4600000, 0x00000000c4700000)
AC   0  O    TS     5 PTAMS 0x00000000c4700000 NTAMS 0x00000000c4700000 space 1024K, 100% used [0x00000000c4700000, 0x00000000c4800000)
AC   0  O    TS     5 PTAMS 0x00000000c4800000 NTAMS 0x00000000c4800000 space 1024K, 100% used [0x00000000c4800000, 0x00000000c4900000)
AC   0  O    TS     5 PTAMS 0x00000000c4900000 NTAMS 0x00000000c4900000 space 1024K, 100% used [0x00000000c4900000, 0x00000000c4a00000)
AC   0  O    TS     5 PTAMS 0x00000000c4a00000 NTAMS 0x00000000c4a00000 space 1024K, 100% used [0x00000000c4a00000, 0x00000000c4b00000)
AC   0  O    TS     5 PTAMS 0x00000000c4b00000 NTAMS 0x00000000c4b00000 space 1024K, 100% used [0x00000000c4b00000, 0x00000000c4c00000)
AC   0  O    TS     7 PTAMS 0x00000000c4c00000 NTAMS 0x00000000c4c00000 space 1024K, 100% used [0x00000000c4c00000, 0x00000000c4d00000)
AC   0 HS    TS     0 PTAMS 0x00000000c4d00000 NTAMS 0x00000000c4d00000 space 4096K,  84% used [0x00000000c4d00000, 0x00000000c5100000)
AC   0 HC    TS     0 PTAMS 0x00000000c4e00000 NTAMS 0x00000000c4e00000 space 1024K, 100% used [0x00000000c4e00000, 0x00000000c4f00000)
AC   0 HC    TS     0 PTAMS 0x00000000c4f00000 NTAMS 0x00000000c4f00000 space 1024K, 100% used [0x00000000c4f00000, 0x00000000c5000000)
AC   0 HC    TS     0 PTAMS 0x00000000c5000000 NTAMS 0x00000000c5000000 space 1024K,  37% used [0x00000000c5000000, 0x00000000c5100000)
AC   0  O    TS     7 PTAMS 0x00000000c5100000 NTAMS 0x00000000c5100000 space 1024K, 100% used [0x00000000c5100000, 0x00000000c5200000)
AC   0  O    TS     7 PTAMS 0x00000000c5200000 NTAMS 0x00000000c5200000 space 1024K, 100% used [0x00000000c5200000, 0x00000000c5300000)
AC   0  O    TS     7 PTAMS 0x00000000c5300000 NTAMS 0x00000000c5300000 space 1024K, 100% used [0x00000000c5300000, 0x00000000c5400000)
AC   0  O    TS     7 PTAMS 0x00000000c5400000 NTAMS 0x00000000c5400000 space 1024K, 100% used [0x00000000c5400000, 0x00000000c5500000)
AC   0  O    TS     7 PTAMS 0x00000000c5500000 NTAMS 0x00000000c5500000 space 1024K, 100% used [0x00000000c5500000, 0x00000000c5600000)
AC   0  O    TS     7 PTAMS 0x00000000c5600000 NTAMS 0x00000000c5600000 space 1024K, 100% used [0x00000000c5600000, 0x00000000c5700000)
AC   0  O    TS     7 PTAMS 0x00000000c5700000 NTAMS 0x00000000c5700000 space 1024K, 100% used [0x00000000c5700000, 0x00000000c5800000)
AC   0  O    TS     7 PTAMS 0x00000000c5800000 NTAMS 0x00000000c5800000 space 1024K, 100% used [0x00000000c5800000, 0x00000000c5900000)
AC   0 HS    TS     5 PTAMS 0x00000000c5900000 NTAMS 0x00000000c5900000 space 1024K,  65% used [0x00000000c5900000, 0x00000000c5a00000)
AC   0 HS    TS     5 PTAMS 0x00000000c5a00000 NTAMS 0x00000000c5a00000 space 1024K,  65% used [0x00000000c5a00000, 0x00000000c5b00000)
AC   0 HS    TS     5 PTAMS 0x00000000c5b00000 NTAMS 0x00000000c5b00000 space 2048K,  65% used [0x00000000c5b00000, 0x00000000c5d00000)
AC   0 HC    TS     5 PTAMS 0x00000000c5c00000 NTAMS 0x00000000c5c00000 space 1024K,  31% used [0x00000000c5c00000, 0x00000000c5d00000)
AC   0 HS    TS     5 PTAMS 0x00000000c5d00000 NTAMS 0x00000000c5d00000 space 2048K,  65% used [0x00000000c5d00000, 0x00000000c5f00000)
AC   0 HC    TS     5 PTAMS 0x00000000c5e00000 NTAMS 0x00000000c5e00000 space 1024K,  31% used [0x00000000c5e00000, 0x00000000c5f00000)
AC   0  O    TS     7 PTAMS 0x00000000c5f00000 NTAMS 0x00000000c5f00000 space 1024K, 100% used [0x00000000c5f00000, 0x00000000c6000000)
AC   0  O    TS     7 PTAMS 0x00000000c6000000 NTAMS 0x00000000c6000000 space 1024K, 100% used [0x00000000c6000000, 0x00000000c6100000)
AC   0  O    TS     7 PTAMS 0x00000000c6100000 NTAMS 0x00000000c6100000 space 1024K, 100% used [0x00000000c6100000, 0x00000000c6200000)
AC   0  O    TS     7 PTAMS 0x00000000c6200000 NTAMS 0x00000000c6200000 space 1024K, 100% used [0x00000000c6200000, 0x00000000c6300000)
AC   0  O    TS     7 PTAMS 0x00000000c6300000 NTAMS 0x00000000c6300000 space 1024K, 100% used [0x00000000c6300000, 0x00000000c6400000)
AC   0  O    TS     7 PTAMS 0x00000000c6400000 NTAMS 0x00000000c6400000 space 1024K,  50% used [0x00000000c6400000, 0x00000000c6500000)
AC   0 HS    TS     3 PTAMS 0x00000000c6500000 NTAMS 0x00000000c6500000 space 1024K,  54% used [0x00000000c6500000, 0x00000000c6600000)
AC   0 HS    TS     3 PTAMS 0x00000000c6600000 NTAMS 0x00000000c6600000 space 1024K,  54% used [0x00000000c6600000, 0x00000000c6700000)
AC   0  F    TS     3 PTAMS 0x00000000c6700000 NTAMS 0x00000000c6700000 space 1024K,   0% used [0x00000000c6700000, 0x00000000c6800000)
AC   0  F    TS     3 PTAMS 0x00000000c6800000 NTAMS 0x00000000c6800000 space 1024K,   0% used [0x00000000c6800000, 0x00000000c6900000)
AC   0  F    TS     3 PTAMS 0x00000000c6900000 NTAMS 0x00000000c6900000 space 1024K,   0% used [0x00000000c6900000, 0x00000000c6a00000)
AC   0  F    TS     3 PTAMS 0x00000000c6a00000 NTAMS 0x00000000c6a00000 space 1024K,   0% used [0x00000000c6a00000, 0x00000000c6b00000)
AC   0  F    TS     3 PTAMS 0x00000000c6b00000 NTAMS 0x00000000c6b00000 space 1024K,   0% used [0x00000000c6b00000, 0x00000000c6c00000)
AC   0  F    TS     3 PTAMS 0x00000000c6c00000 NTAMS 0x00000000c6c00000 space 1024K,   0% used [0x00000000c6c00000, 0x00000000c6d00000)
AC   0  F    TS     3 PTAMS 0x00000000c6d00000 NTAMS 0x00000000c6d00000 space 1024K,   0% used [0x00000000c6d00000, 0x00000000c6e00000)
AC   0  F    TS     3 PTAMS 0x00000000c6e00000 NTAMS 0x00000000c6e00000 space 1024K,   0% used [0x00000000c6e00000, 0x00000000c6f00000)
AC   0  F    TS     3 PTAMS 0x00000000c6f00000 NTAMS 0x00000000c6f00000 space 1024K,   0% used [0x00000000c6f00000, 0x00000000c7000000)
AC   0  S CS TS     7 PTAMS 0x00000000c7000000 NTAMS 0x00000000c7000000 space 1024K,  49% used [0x00000000c7000000, 0x00000000c7100000)
AC   0  F    TS     5 PTAMS 0x00000000c7100000 NTAMS 0x00000000c7100000 space 1024K,   0% used [0x00000000c7100000, 0x00000000c7200000)
AC   0  F    TS     5 PTAMS 0x00000000c7200000 NTAMS 0x00000000c7200000 space 1024K,   0% used [0x00000000c7200000, 0x00000000c7300000)
AC   0  F    TS     5 PTAMS 0x00000000c7300000 NTAMS 0x00000000c7300000 space 1024K,   0% used [0x00000000c7300000, 0x00000000c7400000)
AC   0  F    TS     5 PTAMS 0x00000000c7400000 NTAMS 0x00000000c7400000 space 1024K,   0% used [0x00000000c7400000, 0x00000000c7500000)
AC   0  F    TS     5 PTAMS 0x00000000c7500000 NTAMS 0x00000000c7500000 space 1024K,   0% used [0x00000000c7500000, 0x00000000c7600000)
AC   0  F    TS     5 PTAMS 0x00000000c7600000 NTAMS 0x00000000c7600000 space 1024K,   0% used [0x00000000c7600000, 0x00000000c7700000)
AC   0  F    TS     5 PTAMS 0x00000000c7700000 NTAMS 0x00000000c7700000 space 1024K,   0% used [0x00000000c7700000, 0x00000000c7800000)
AC   0  F    TS     5 PTAMS 0x00000000c7800000 NTAMS 0x00000000c7800000 space 1024K,   0% used [0x00000000c7800000, 0x00000000c7900000)
AC   0  F    TS     5 PTAMS 0x00000000c7900000 NTAMS 0x00000000c7900000 space 1024K,   0% used [0x00000000c7900000, 0x00000000c7a00000)
AC   0  S CS TS     7 PTAMS 0x00000000c7a00000 NTAMS 0x00000000c7a00000 space 1024K, 100% used [0x00000000c7a00000, 0x00000000c7b00000)
AC   0  S CS TS     7 PTAMS 0x00000000c7b00000 NTAMS 0x00000000c7b00000 space 1024K, 100% used [0x00000000c7b00000, 0x00000000c7c00000)
AC   0  S CS TS     7 PTAMS 0x00000000c7c00000 NTAMS 0x00000000c7c00000 space 1024K, 100% used [0x00000000c7c00000, 0x00000000c7d00000)
AC   0  S CS TS     7 PTAMS 0x00000000c7d00000 NTAMS 0x00000000c7d00000 space 1024K, 100% used [0x00000000c7d00000, 0x00000000c7e00000)
AC   0  S CS TS     7 PTAMS 0x00000000c7e00000 NTAMS 0x00000000c7e00000 space 1024K, 100% used [0x00000000c7e00000, 0x00000000c7f00000)
AC   0  S CS TS     7 PTAMS 0x00000000c7f00000 NTAMS 0x00000000c7f00000 space 1024K, 100% used [0x00000000c7f00000, 0x00000000c8000000)
AC   0  S CS TS     7 PTAMS 0x00000000c8000000 NTAMS 0x00000000c8000000 space 1024K, 100% used [0x00000000c8000000, 0x00000000c8100000)
AC   0  S CS TS     7 PTAMS 0x00000000c8100000 NTAMS 0x00000000c8100000 space 1024K, 100% used [0x00000000c8100000, 0x00000000c8200000)
AC   0  S CS TS     7 PTAMS 0x00000000c8200000 NTAMS 0x00000000c8200000 space 1024K, 100% used [0x00000000c8200000, 0x00000000c8300000)
AC   0  S CS TS     7 PTAMS 0x00000000c8300000 NTAMS 0x00000000c8300000 space 1024K, 100% used [0x00000000c8300000, 0x00000000c8400000)
AC   0  S CS TS     7 PTAMS 0x00000000c8400000 NTAMS 0x00000000c8400000 space 1024K, 100% used [0x00000000c8400000, 0x00000000c8500000)
AC   0  S CS TS     7 PTAMS 0x00000000c8500000 NTAMS 0x00000000c8500000 space 1024K, 100% used [0x00000000c8500000, 0x00000000c8600000)
AC   0  S CS TS     7 PTAMS 0x00000000c8600000 NTAMS 0x00000000c8600000 space 1024K, 100% used [0x00000000c8600000, 0x00000000c8700000)
AC   0  F    TS     1 PTAMS 0x00000000c8700000 NTAMS 0x00000000c8700000 space 1024K,   0% used [0x00000000c8700000, 0x00000000c8800000)
AC   0  F    TS     1 PTAMS 0x00000000c8800000 NTAMS 0x00000000c8800000 space 1024K,   0% used [0x00000000c8800000, 0x00000000c8900000)
AC   0  F    TS     1 PTAMS 0x00000000c8900000 NTAMS 0x00000000c8900000 space 1024K,   0% used [0x00000000c8900000, 0x00000000c8a00000)
AC   0  F    TS     1 PTAMS 0x00000000c8a00000 NTAMS 0x00000000c8a00000 space 1024K,   0% used [0x00000000c8a00000, 0x00000000c8b00000)
AC   0  F    TS     1 PTAMS 0x00000000c8b00000 NTAMS 0x00000000c8b00000 space 1024K,   0% used [0x00000000c8b00000, 0x00000000c8c00000)
AC   0  F    TS     1 PTAMS 0x00000000c8c00000 NTAMS 0x00000000c8c00000 space 1024K,   0% used [0x00000000c8c00000, 0x00000000c8d00000)
AC   0  F    TS     1 PTAMS 0x00000000c8d00000 NTAMS 0x00000000c8d00000 space 1024K,   0% used [0x00000000c8d00000, 0x00000000c8e00000)
AC   0  F    TS     1 PTAMS 0x00000000c8e00000 NTAMS 0x00000000c8e00000 space 1024K,   0% used [0x00000000c8e00000, 0x00000000c8f00000)
AC   0  F    TS     1 PTAMS 0x00000000c8f00000 NTAMS 0x00000000c8f00000 space 1024K,   0% used [0x00000000c8f00000, 0x00000000c9000000)
AC   0  F    TS     1 PTAMS 0x00000000c9000000 NTAMS 0x00000000c9000000 space 1024K,   0% used [0x00000000c9000000, 0x00000000c9100000)
AC   0  F    TS     1 PTAMS 0x00000000c9100000 NTAMS 0x00000000c9100000 space 1024K,   0% used [0x00000000c9100000, 0x00000000c9200000)
AC   0  F    TS     1 PTAMS 0x00000000c9200000 NTAMS 0x00000000c9200000 space 1024K,   0% used [0x00000000c9200000, 0x00000000c9300000)
AC   0  F    TS     1 PTAMS 0x00000000c9300000 NTAMS 0x00000000c9300000 space 1024K,   0% used [0x00000000c9300000, 0x00000000c9400000)
AC   0  F    TS     1 PTAMS 0x00000000c9400000 NTAMS 0x00000000c9400000 space 1024K,   0% used [0x00000000c9400000, 0x00000000c9500000)
AC   0  F    TS     1 PTAMS 0x00000000c9500000 NTAMS 0x00000000c9500000 space 1024K,   0% used [0x00000000c9500000, 0x00000000c9600000)
AC   0  F    TS     1 PTAMS 0x00000000c9600000 NTAMS 0x00000000c9600000 space 1024K,   0% used [0x00000000c9600000, 0x00000000c9700000)
AC   0  F    TS     1 PTAMS 0x00000000c9700000 NTAMS 0x00000000c9700000 space 1024K,   0% used [0x00000000c9700000, 0x00000000c9800000)
AC   0  F    TS     1 PTAMS 0x00000000c9800000 NTAMS 0x00000000c9800000 space 1024K,   0% used [0x00000000c9800000, 0x00000000c9900000)
AC   0  F    TS     1 PTAMS 0x00000000c9900000 NTAMS 0x00000000c9900000 space 1024K,   0% used [0x00000000c9900000, 0x00000000c9a00000)
AC   0  F    TS     1 PTAMS 0x00000000c9a00000 NTAMS 0x00000000c9a00000 space 1024K,   0% used [0x00000000c9a00000, 0x00000000c9b00000)
AC   0  F    TS     1 PTAMS 0x00000000c9b00000 NTAMS 0x00000000c9b00000 space 1024K,   0% used [0x00000000c9b00000, 0x00000000c9c00000)
AC   0  F    TS     1 PTAMS 0x00000000c9c00000 NTAMS 0x00000000c9c00000 space 1024K,   0% used [0x00000000c9c00000, 0x00000000c9d00000)
AC   0  F    TS     1 PTAMS 0x00000000c9d00000 NTAMS 0x00000000c9d00000 space 1024K,   0% used [0x00000000c9d00000, 0x00000000c9e00000)
AC   0  F    TS     1 PTAMS 0x00000000c9e00000 NTAMS 0x00000000c9e00000 space 1024K,   0% used [0x00000000c9e00000, 0x00000000c9f00000)
AC   0  F    TS     1 PTAMS 0x00000000c9f00000 NTAMS 0x00000000c9f00000 space 1024K,   0% used [0x00000000c9f00000, 0x00000000ca000000)
AC   0  F    TS     1 PTAMS 0x00000000ca000000 NTAMS 0x00000000ca000000 space 1024K,   0% used [0x00000000ca000000, 0x00000000ca100000)
AC   0  F    TS     1 PTAMS 0x00000000ca100000 NTAMS 0x00000000ca100000 space 1024K,   0% used [0x00000000ca100000, 0x00000000ca200000)
AC   0  F    TS     1 PTAMS 0x00000000ca200000 NTAMS 0x00000000ca200000 space 1024K,   0% used [0x00000000ca200000, 0x00000000ca300000)
AC   0  F    TS     1 PTAMS 0x00000000ca300000 NTAMS 0x00000000ca300000 space 1024K,   0% used [0x00000000ca300000, 0x00000000ca400000)
AC   0  F    TS     1 PTAMS 0x00000000ca400000 NTAMS 0x00000000ca400000 space 1024K,   0% used [0x00000000ca400000, 0x00000000ca500000)
AC   0  F    TS     1 PTAMS 0x00000000ca500000 NTAMS 0x00000000ca500000 space 1024K,   0% used [0x00000000ca500000, 0x00000000ca600000)
AC   0  F    TS     1 PTAMS 0x00000000ca600000 NTAMS 0x00000000ca600000 space 1024K,   0% used [0x00000000ca600000, 0x00000000ca700000)
AC   0  F    TS     1 PTAMS 0x00000000ca700000 NTAMS 0x00000000ca700000 space 1024K,   0% used [0x00000000ca700000, 0x00000000ca800000)
AC   0  F    TS     1 PTAMS 0x00000000ca800000 NTAMS 0x00000000ca800000 space 1024K,   0% used [0x00000000ca800000, 0x00000000ca900000)
AC   0  F    TS     1 PTAMS 0x00000000ca900000 NTAMS 0x00000000ca900000 space 1024K,   0% used [0x00000000ca900000, 0x00000000caa00000)
AC   0  F    TS     1 PTAMS 0x00000000caa00000 NTAMS 0x00000000caa00000 space 1024K,   0% used [0x00000000caa00000, 0x00000000cab00000)
AC   0  F    TS     1 PTAMS 0x00000000cab00000 NTAMS 0x00000000cab00000 space 1024K,   0% used [0x00000000cab00000, 0x00000000cac00000)
AC   0  F    TS     1 PTAMS 0x00000000cac00000 NTAMS 0x00000000cac00000 space 1024K,   0% used [0x00000000cac00000, 0x00000000cad00000)
AC   0  E    TS     1 PTAMS 0x00000000cad00000 NTAMS 0x00000000cad00000 space 1024K,  54% used [0x00000000cad00000, 0x00000000cae00000)
AC   0  E CS TS     1 PTAMS 0x00000000cae00000 NTAMS 0x00000000cae00000 space 1024K, 100% used [0x00000000cae00000, 0x00000000caf00000)
AC   0  E CS TS     1 PTAMS 0x00000000caf00000 NTAMS 0x00000000caf00000 space 1024K, 100% used [0x00000000caf00000, 0x00000000cb000000)
AC   0  E CS TS     1 PTAMS 0x00000000cb000000 NTAMS 0x00000000cb000000 space 1024K, 100% used [0x00000000cb000000, 0x00000000cb100000)
AC   0  E CS TS     1 PTAMS 0x00000000cb100000 NTAMS 0x00000000cb100000 space 1024K, 100% used [0x00000000cb100000, 0x00000000cb200000)
AC   0  E CS TS     1 PTAMS 0x00000000cb200000 NTAMS 0x00000000cb200000 space 1024K, 100% used [0x00000000cb200000, 0x00000000cb300000)
AC   0  E CS TS     1 PTAMS 0x00000000cb300000 NTAMS 0x00000000cb300000 space 1024K, 100% used [0x00000000cb300000, 0x00000000cb400000)
AC   0  E CS TS     1 PTAMS 0x00000000cb400000 NTAMS 0x00000000cb400000 space 1024K, 100% used [0x00000000cb400000, 0x00000000cb500000)
AC   0  E CS TS     1 PTAMS 0x00000000cb500000 NTAMS 0x00000000cb500000 space 1024K, 100% used [0x00000000cb500000, 0x00000000cb600000)
AC   0  E CS TS     1 PTAMS 0x00000000cb600000 NTAMS 0x00000000cb600000 space 1024K, 100% used [0x00000000cb600000, 0x00000000cb700000)
AC   0  E CS TS     1 PTAMS 0x00000000cb700000 NTAMS 0x00000000cb700000 space 1024K, 100% used [0x00000000cb700000, 0x00000000cb800000)
AC   0  E CS TS     1 PTAMS 0x00000000cb800000 NTAMS 0x00000000cb800000 space 1024K, 100% used [0x00000000cb800000, 0x00000000cb900000)
AC   0  E CS TS     1 PTAMS 0x00000000cb900000 NTAMS 0x00000000cb900000 space 1024K, 100% used [0x00000000cb900000, 0x00000000cba00000)
AC   0  E CS TS     1 PTAMS 0x00000000cba00000 NTAMS 0x00000000cba00000 space 1024K, 100% used [0x00000000cba00000, 0x00000000cbb00000)
AC   0  E CS TS     1 PTAMS 0x00000000cbb00000 NTAMS 0x00000000cbb00000 space 1024K, 100% used [0x00000000cbb00000, 0x00000000cbc00000)
AC   0  E CS TS     1 PTAMS 0x00000000cbc00000 NTAMS 0x00000000cbc00000 space 1024K, 100% used [0x00000000cbc00000, 0x00000000cbd00000)
AC   0  E CS TS     1 PTAMS 0x00000000cbd00000 NTAMS 0x00000000cbd00000 space 1024K, 100% used [0x00000000cbd00000, 0x00000000cbe00000)
AC   0  E CS TS     1 PTAMS 0x00000000cbe00000 NTAMS 0x00000000cbe00000 space 1024K, 100% used [0x00000000cbe00000, 0x00000000cbf00000)
AC   0  E CS TS     1 PTAMS 0x00000000cbf00000 NTAMS 0x00000000cbf00000 space 1024K, 100% used [0x00000000cbf00000, 0x00000000cc000000)
AC   0  E CS TS     1 PTAMS 0x00000000cc000000 NTAMS 0x00000000cc000000 space 1024K, 100% used [0x00000000cc000000, 0x00000000cc100000)
AC   0  E CS TS     1 PTAMS 0x00000000cc100000 NTAMS 0x00000000cc100000 space 1024K, 100% used [0x00000000cc100000, 0x00000000cc200000)
AC   0  E CS TS     1 PTAMS 0x00000000cc200000 NTAMS 0x00000000cc200000 space 1024K, 100% used [0x00000000cc200000, 0x00000000cc300000)
AC   0  E CS TS     1 PTAMS 0x00000000cc300000 NTAMS 0x00000000cc300000 space 1024K, 100% used [0x00000000cc300000, 0x00000000cc400000)
AC   0  E CS TS     1 PTAMS 0x00000000cc400000 NTAMS 0x00000000cc400000 space 1024K, 100% used [0x00000000cc400000, 0x00000000cc500000)
AC   0  E CS TS     1 PTAMS 0x00000000cc500000 NTAMS 0x00000000cc500000 space 1024K, 100% used [0x00000000cc500000, 0x00000000cc600000)
AC   0  E CS TS     1 PTAMS 0x00000000cc600000 NTAMS 0x00000000cc600000 space 1024K, 100% used [0x00000000cc600000, 0x00000000cc700000)
AC   0  E CS TS     1 PTAMS 0x00000000cc700000 NTAMS 0x00000000cc700000 space 1024K, 100% used [0x00000000cc700000, 0x00000000cc800000)
AC   0  E CS TS     1 PTAMS 0x00000000cc800000 NTAMS 0x00000000cc800000 space 1024K, 100% used [0x00000000cc800000, 0x00000000cc900000)
AC   0  E CS TS     1 PTAMS 0x00000000cc900000 NTAMS 0x00000000cc900000 space 1024K, 100% used [0x00000000cc900000, 0x00000000cca00000)
AC   0  E CS TS     1 PTAMS 0x00000000cca00000 NTAMS 0x00000000cca00000 space 1024K, 100% used [0x00000000cca00000, 0x00000000ccb00000)
AC   0  E CS TS     1 PTAMS 0x00000000ccb00000 NTAMS 0x00000000ccb00000 space 1024K, 100% used [0x00000000ccb00000, 0x00000000ccc00000)
AC   0  E CS TS     1 PTAMS 0x00000000ccc00000 NTAMS 0x00000000ccc00000 space 1024K, 100% used [0x00000000ccc00000, 0x00000000ccd00000)
AC   0  E CS TS     1 PTAMS 0x00000000ccd00000 NTAMS 0x00000000ccd00000 space 1024K, 100% used [0x00000000ccd00000, 0x00000000cce00000)
AC   0  E CS TS     1 PTAMS 0x00000000cce00000 NTAMS 0x00000000cce00000 space 1024K, 100% used [0x00000000cce00000, 0x00000000ccf00000)
AC   0  E CS TS     1 PTAMS 0x00000000ccf00000 NTAMS 0x00000000ccf00000 space 1024K, 100% used [0x00000000ccf00000, 0x00000000cd000000)
AC   0  E CS TS     1 PTAMS 0x00000000cd000000 NTAMS 0x00000000cd000000 space 1024K, 100% used [0x00000000cd000000, 0x00000000cd100000)
AC   0  E CS TS     1 PTAMS 0x00000000cd100000 NTAMS 0x00000000cd100000 space 1024K, 100% used [0x00000000cd100000, 0x00000000cd200000)
AC   0  E CS TS     1 PTAMS 0x00000000cd200000 NTAMS 0x00000000cd200000 space 1024K, 100% used [0x00000000cd200000, 0x00000000cd300000)
AC   0  E CS TS     1 PTAMS 0x00000000cd300000 NTAMS 0x00000000cd300000 space 1024K, 100% used [0x00000000cd300000, 0x00000000cd400000)
AC   0  E CS TS     1 PTAMS 0x00000000cd400000 NTAMS 0x00000000cd400000 space 1024K, 100% used [0x00000000cd400000, 0x00000000cd500000)
AC   0  E CS TS     1 PTAMS 0x00000000cd500000 NTAMS 0x00000000cd500000 space 1024K, 100% used [0x00000000cd500000, 0x00000000cd600000)
AC   0  E CS TS     1 PTAMS 0x00000000cd600000 NTAMS 0x00000000cd600000 space 1024K, 100% used [0x00000000cd600000, 0x00000000cd700000)
AC   0  E CS TS     1 PTAMS 0x00000000cd700000 NTAMS 0x00000000cd700000 space 1024K, 100% used [0x00000000cd700000, 0x00000000cd800000)
AC   0  E CS TS     1 PTAMS 0x00000000cd800000 NTAMS 0x00000000cd800000 space 1024K, 100% used [0x00000000cd800000, 0x00000000cd900000)
AC   0  E CS TS     1 PTAMS 0x00000000cd900000 NTAMS 0x00000000cd900000 space 1024K, 100% used [0x00000000cd900000, 0x00000000cda00000)
AC   0  E CS TS     1 PTAMS 0x00000000cda00000 NTAMS 0x00000000cda00000 space 1024K, 100% used [0x00000000cda00000, 0x00000000cdb00000)
AC   0  E CS TS     1 PTAMS 0x00000000cdb00000 NTAMS 0x00000000cdb00000 space 1024K, 100% used [0x00000000cdb00000, 0x00000000cdc00000)
AC   0  E CS TS     1 PTAMS 0x00000000cdc00000 NTAMS 0x00000000cdc00000 space 1024K, 100% used [0x00000000cdc00000, 0x00000000cdd00000)
AC   0  E CS TS     1 PTAMS 0x00000000cdd00000 NTAMS 0x00000000cdd00000 space 1024K, 100% used [0x00000000cdd00000, 0x00000000cde00000)
AC   0  E CS TS     1 PTAMS 0x00000000cde00000 NTAMS 0x00000000cde00000 space 1024K, 100% used [0x00000000cde00000, 0x00000000cdf00000)
AC   0  E CS TS     1 PTAMS 0x00000000cdf00000 NTAMS 0x00000000cdf00000 space 1024K, 100% used [0x00000000cdf00000, 0x00000000ce000000)
AC   0  E CS TS     1 PTAMS 0x00000000ce000000 NTAMS 0x00000000ce000000 space 1024K, 100% used [0x00000000ce000000, 0x00000000ce100000)
AC   0  E CS TS     1 PTAMS 0x00000000ce100000 NTAMS 0x00000000ce100000 space 1024K, 100% used [0x00000000ce100000, 0x00000000ce200000)
AC   0  E CS TS     1 PTAMS 0x00000000ce200000 NTAMS 0x00000000ce200000 space 1024K, 100% used [0x00000000ce200000, 0x00000000ce300000)
AC   0  E CS TS     1 PTAMS 0x00000000ce300000 NTAMS 0x00000000ce300000 space 1024K, 100% used [0x00000000ce300000, 0x00000000ce400000)
AC   0  E CS TS     1 PTAMS 0x00000000ce400000 NTAMS 0x00000000ce400000 space 1024K, 100% used [0x00000000ce400000, 0x00000000ce500000)
AC   0  E CS TS     1 PTAMS 0x00000000ce500000 NTAMS 0x00000000ce500000 space 1024K, 100% used [0x00000000ce500000, 0x00000000ce600000)
AC   0  E CS TS     1 PTAMS 0x00000000ce600000 NTAMS 0x00000000ce600000 space 1024K, 100% used [0x00000000ce600000, 0x00000000ce700000)
AC   0  E CS TS     1 PTAMS 0x00000000ce700000 NTAMS 0x00000000ce700000 space 1024K, 100% used [0x00000000ce700000, 0x00000000ce800000)
AC   0  E CS TS     1 PTAMS 0x00000000ce800000 NTAMS 0x00000000ce800000 space 1024K, 100% used [0x00000000ce800000, 0x00000000ce900000)
AC   0  E CS TS     1 PTAMS 0x00000000ce900000 NTAMS 0x00000000ce900000 space 1024K, 100% used [0x00000000ce900000, 0x00000000cea00000)
AC   0  E CS TS     1 PTAMS 0x00000000cea00000 NTAMS 0x00000000cea00000 space 1024K, 100% used [0x00000000cea00000, 0x00000000ceb00000)
AC   0  E CS TS     1 PTAMS 0x00000000ceb00000 NTAMS 0x00000000ceb00000 space 1024K, 100% used [0x00000000ceb00000, 0x00000000cec00000)
AC   0  E CS TS     1 PTAMS 0x00000000cec00000 NTAMS 0x00000000cec00000 space 1024K, 100% used [0x00000000cec00000, 0x00000000ced00000)
AC   0  E CS TS     1 PTAMS 0x00000000ced00000 NTAMS 0x00000000ced00000 space 1024K, 100% used [0x00000000ced00000, 0x00000000cee00000)
AC   0  E CS TS     1 PTAMS 0x00000000cee00000 NTAMS 0x00000000cee00000 space 1024K, 100% used [0x00000000cee00000, 0x00000000cef00000)
AC   0  E CS TS     1 PTAMS 0x00000000cef00000 NTAMS 0x00000000cef00000 space 1024K, 100% used [0x00000000cef00000, 0x00000000cf000000)
AC   0  E CS TS     1 PTAMS 0x00000000cf000000 NTAMS 0x00000000cf000000 space 1024K, 100% used [0x00000000cf000000, 0x00000000cf100000)
AC   0  E CS TS     1 PTAMS 0x00000000cf100000 NTAMS 0x00000000cf100000 space 1024K, 100% used [0x00000000cf100000, 0x00000000cf200000)
AC   0  E CS TS     1 PTAMS 0x00000000cf200000 NTAMS 0x00000000cf200000 space 1024K, 100% used [0x00000000cf200000, 0x00000000cf300000)
AC   0  E CS TS     1 PTAMS 0x00000000cf300000 NTAMS 0x00000000cf300000 space 1024K, 100% used [0x00000000cf300000, 0x00000000cf400000)
AC   0  E CS TS     1 PTAMS 0x00000000cf400000 NTAMS 0x00000000cf400000 space 1024K, 100% used [0x00000000cf400000, 0x00000000cf500000)
AC   0  E CS TS     1 PTAMS 0x00000000cf500000 NTAMS 0x00000000cf500000 space 1024K, 100% used [0x00000000cf500000, 0x00000000cf600000)
AC   0  E CS TS     1 PTAMS 0x00000000cf600000 NTAMS 0x00000000cf600000 space 1024K, 100% used [0x00000000cf600000, 0x00000000cf700000)
AC   0  E CS TS     1 PTAMS 0x00000000cf700000 NTAMS 0x00000000cf700000 space 1024K, 100% used [0x00000000cf700000, 0x00000000cf800000)

Card table byte_map: [0x0000000014b60000,0x0000000014d60000] byte_map_base: 0x0000000014560000

Marking Bits (Prev, Next): (CMBitMap*) 0x00000000045989c8, (CMBitMap*) 0x0000000004598a20
 Prev Bits: [0x0000000014f60000, 0x0000000015f60000)
 Next Bits: [0x0000000015f60000, 0x0000000016f60000)

Polling page: 0x0000000002570000

CodeCache: size=245760Kb used=16089Kb max_used=16102Kb free=229670Kb
 bounds [0x0000000004660000, 0x0000000005640000, 0x0000000013660000]
 total_blobs=4624 nmethods=4079 adapters=458
 compilation: enabled

Compilation events (10 events):
Event: 108.529 Thread 0x000000001a41c000 nmethod 4907 0x0000000005278750 code [0x00000000052788e0, 0x0000000005278cd8]
Event: 108.724 Thread 0x000000001a419000 4908       4       java.io.WinNTFileSystem::parentOrNull (171 bytes)
Event: 108.750 Thread 0x000000001a419000 nmethod 4908 0x00000000053b2ed0 code [0x00000000053b3060, 0x00000000053b3998]
Event: 108.789 Thread 0x000000001a418000 4909   !   4       org.eclipse.jdt.internal.compiler.classfmt.ClassFileReader::<init> (1723 bytes)
Event: 108.789 Thread 0x000000001a419000 4910   !   4       org.eclipse.jdt.internal.compiler.util.Util::getZipEntryByteContent (92 bytes)
Event: 108.805 Thread 0x000000001a419000 nmethod 4910 0x00000000053b2090 code [0x00000000053b2240, 0x00000000053b2950]
Event: 108.850 Thread 0x000000001a419000 4911       4       org.eclipse.jdt.internal.core.index.MemoryIndex::remove (32 bytes)
Event: 108.853 Thread 0x000000001a419000 nmethod 4911 0x0000000004be7a50 code [0x0000000004be7ba0, 0x0000000004be7dc8]
Event: 108.989 Thread 0x000000001a41c000 4912       3       java.util.regex.Pattern$BranchConn::match (11 bytes)
Event: 108.989 Thread 0x000000001a41c000 nmethod 4912 0x0000000004866710 code [0x0000000004866880, 0x0000000004866aa8]

GC Heap History (10 events):
Event: 61.392 GC heap before
{Heap before GC invocations=64 (full 0):
 garbage-first heap   total 63488K, used 56584K [0x00000000c0000000, 0x00000000c01001f0, 0x0000000100000000)
  region size 1024K, 3 young (3072K), 1 survivors (1024K)
 Metaspace       used 39059K, capacity 41302K, committed 41472K, reserved 1085440K
  class space    used 4068K, capacity 4821K, committed 4864K, reserved 1048576K
Event: 61.402 GC heap after
Heap after GC invocations=65 (full 0):
 garbage-first heap   total 126976K, used 55206K [0x00000000c0000000, 0x00000000c01003e0, 0x0000000100000000)
  region size 1024K, 1 young (1024K), 1 survivors (1024K)
 Metaspace       used 39059K, capacity 41302K, committed 41472K, reserved 1085440K
  class space    used 4068K, capacity 4821K, committed 4864K, reserved 1048576K
}
Event: 65.166 GC heap before
{Heap before GC invocations=66 (full 0):
 garbage-first heap   total 126976K, used 106406K [0x00000000c0000000, 0x00000000c01003e0, 0x0000000100000000)
  region size 1024K, 51 young (52224K), 1 survivors (1024K)
 Metaspace       used 39067K, capacity 41302K, committed 41472K, reserved 1085440K
  class space    used 4069K, capacity 4821K, committed 4864K, reserved 1048576K
Event: 65.198 GC heap after
Heap after GC invocations=67 (full 0):
 garbage-first heap   total 253952K, used 60506K [0x00000000c0000000, 0x00000000c01007c0, 0x0000000100000000)
  region size 1024K, 7 young (7168K), 7 survivors (7168K)
 Metaspace       used 39067K, capacity 41302K, committed 41472K, reserved 1085440K
  class space    used 4069K, capacity 4821K, committed 4864K, reserved 1048576K
}
Event: 81.901 GC heap before
{Heap before GC invocations=67 (full 0):
 garbage-first heap   total 253952K, used 200474K [0x00000000c0000000, 0x00000000c01007c0, 0x0000000100000000)
  region size 1024K, 142 young (145408K), 7 survivors (7168K)
 Metaspace       used 39109K, capacity 41302K, committed 41472K, reserved 1085440K
  class space    used 4070K, capacity 4821K, committed 4864K, reserved 1048576K
Event: 81.954 GC heap after
Heap after GC invocations=68 (full 0):
 garbage-first heap   total 253952K, used 76099K [0x00000000c0000000, 0x00000000c01007c0, 0x0000000100000000)
  region size 1024K, 18 young (18432K), 18 survivors (18432K)
 Metaspace       used 39109K, capacity 41302K, committed 41472K, reserved 1085440K
  class space    used 4070K, capacity 4821K, committed 4864K, reserved 1048576K
}
Event: 97.317 GC heap before
{Heap before GC invocations=68 (full 0):
 garbage-first heap   total 253952K, used 205123K [0x00000000c0000000, 0x00000000c01007c0, 0x0000000100000000)
  region size 1024K, 144 young (147456K), 18 survivors (18432K)
 Metaspace       used 39118K, capacity 41302K, committed 41472K, reserved 1085440K
  class space    used 4071K, capacity 4821K, committed 4864K, reserved 1048576K
Event: 97.399 GC heap after
Heap after GC invocations=69 (full 0):
 garbage-first heap   total 253952K, used 92831K [0x00000000c0000000, 0x00000000c01007c0, 0x0000000100000000)
  region size 1024K, 15 young (15360K), 15 survivors (15360K)
 Metaspace       used 39118K, capacity 41302K, committed 41472K, reserved 1085440K
  class space    used 4071K, capacity 4821K, committed 4864K, reserved 1048576K
}
Event: 103.596 GC heap before
{Heap before GC invocations=69 (full 0):
 garbage-first heap   total 253952K, used 211999K [0x00000000c0000000, 0x00000000c01007c0, 0x0000000100000000)
  region size 1024K, 128 young (131072K), 15 survivors (15360K)
 Metaspace       used 39123K, capacity 41302K, committed 41472K, reserved 1085440K
  class space    used 4071K, capacity 4821K, committed 4864K, reserved 1048576K
Event: 103.678 GC heap after
Heap after GC invocations=70 (full 0):
 garbage-first heap   total 253952K, used 109472K [0x00000000c0000000, 0x00000000c01007c0, 0x0000000100000000)
  region size 1024K, 14 young (14336K), 14 survivors (14336K)
 Metaspace       used 39123K, capacity 41302K, committed 41472K, reserved 1085440K
  class space    used 4071K, capacity 4821K, committed 4864K, reserved 1048576K
}

Deoptimization events (10 events):
Event: 106.984 Thread 0x000000001a463800 Uncommon trap: reason=null_check action=make_not_entrant pc=0x000000000523cd78 method=org.eclipse.jdt.internal.core.index.MemoryIndex.remove(Ljava/lang/String;)V @ 5
Event: 106.990 Thread 0x000000001a463800 Uncommon trap: reason=null_check action=make_not_entrant pc=0x00000000053967f4 method=org.eclipse.jdt.internal.core.index.MemoryIndex.addIndexEntry([C[CLjava/lang/String;)V @ 5
Event: 107.528 Thread 0x000000001a463800 Uncommon trap: reason=class_check action=maybe_recompile pc=0x000000000548b5dc method=org.eclipse.jdt.internal.compiler.util.SimpleLookupTable.put(Ljava/lang/Object;Ljava/lang/Object;)Ljava/lang/Object; @ 7
Event: 107.545 Thread 0x000000001a463800 Uncommon trap: reason=class_check action=maybe_recompile pc=0x000000000548b5dc method=org.eclipse.jdt.internal.compiler.util.SimpleLookupTable.put(Ljava/lang/Object;Ljava/lang/Object;)Ljava/lang/Object; @ 7
Event: 107.552 Thread 0x000000001a463800 Uncommon trap: reason=class_check action=maybe_recompile pc=0x0000000004df462c method=java.io.BufferedInputStream.close()V @ 36
Event: 107.552 Thread 0x000000001a463800 Uncommon trap: reason=null_check action=make_not_entrant pc=0x00000000047bb8e0 method=org.eclipse.jdt.internal.core.index.MemoryIndex.remove(Ljava/lang/String;)V @ 5
Event: 107.553 Thread 0x000000001a463800 Uncommon trap: reason=null_check action=make_not_entrant pc=0x000000000538b1c8 method=org.eclipse.jdt.internal.core.index.MemoryIndex.addIndexEntry([C[CLjava/lang/String;)V @ 5
Event: 107.553 Thread 0x000000001a463800 Uncommon trap: reason=class_check action=maybe_recompile pc=0x0000000004df462c method=java.io.BufferedInputStream.close()V @ 36
Event: 107.553 Thread 0x000000001a463800 Uncommon trap: reason=class_check action=maybe_recompile pc=0x0000000004df462c method=java.io.BufferedInputStream.close()V @ 36
Event: 107.554 Thread 0x000000001a463800 Uncommon trap: reason=class_check action=maybe_recompile pc=0x0000000004df462c method=java.io.BufferedInputStream.close()V @ 36

Internal exceptions (10 events):
Event: 70.949 Thread 0x000000001a6de800 Exception <a 'sun/nio/fs/WindowsException'> (0x00000000cb9c29f0) thrown at [C:\cygwin64\tmp\ojdkbuild\lookaside\java-1.8.0-openjdk\hotspot\src\share\vm\prims\jni.cpp, line 710]
Event: 70.949 Thread 0x000000001a6de800 Exception <a 'sun/nio/fs/WindowsException'> (0x00000000cb9c6620) thrown at [C:\cygwin64\tmp\ojdkbuild\lookaside\java-1.8.0-openjdk\hotspot\src\share\vm\prims\jni.cpp, line 710]
Event: 104.287 Thread 0x000000001a463800 Implicit null exception at 0x00000000055c5c4e to 0x00000000055d24b1
Event: 104.287 Thread 0x000000001a463800 Implicit null exception at 0x000000000556e1d1 to 0x000000000556fac9
Event: 104.287 Thread 0x000000001a463800 Implicit null exception at 0x0000000005511773 to 0x00000000055143fd
Event: 106.983 Thread 0x000000001a463800 Implicit null exception at 0x00000000054d12b8 to 0x00000000054d1971
Event: 106.984 Thread 0x000000001a463800 Implicit null exception at 0x000000000523bfa8 to 0x000000000523cd5d
Event: 106.990 Thread 0x000000001a463800 Implicit null exception at 0x0000000005393416 to 0x00000000053967dd
Event: 107.552 Thread 0x000000001a463800 Implicit null exception at 0x00000000047bb7a2 to 0x00000000047bb8cd
Event: 107.553 Thread 0x000000001a463800 Implicit null exception at 0x0000000005388036 to 0x000000000538b1b5

Events (10 events):
Event: 107.824 Thread 0x000000001a463800 DEOPT UNPACKING pc=0x00000000046a75bf sp=0x000000001e9bed40 mode 0
Event: 107.839 Thread 0x000000001a463800 DEOPT PACKING pc=0x00000000052b1e3e sp=0x000000001e9bf210
Event: 107.839 Thread 0x000000001a463800 DEOPT UNPACKING pc=0x00000000046a75bf sp=0x000000001e9befc0 mode 0
Event: 108.789 Thread 0x000000001a463800 DEOPT PACKING pc=0x00000000055f579b sp=0x000000001e9bef80
Event: 108.789 Thread 0x000000001a463800 DEOPT UNPACKING pc=0x00000000046a75bf sp=0x000000001e9bed40 mode 0
Event: 108.805 Thread 0x000000001a419000 flushing nmethod 0x00000000047c4250
Event: 108.853 Thread 0x000000001a419000 flushing nmethod 0x00000000048012d0
Event: 108.854 Thread 0x000000001a419000 flushing nmethod 0x0000000004866890
Event: 109.013 Thread 0x000000001a463800 DEOPT PACKING pc=0x00000000055f579b sp=0x000000001e9bef80
Event: 109.013 Thread 0x000000001a463800 DEOPT UNPACKING pc=0x00000000046a75bf sp=0x000000001e9bed40 mode 0


Dynamic libraries:
0x00007ff718f00000 - 0x00007ff718f43000 	C:\Program Files\RedHat\java-1.8.0-openjdk-1.8.0.144-1\bin\java.exe
0x00007ff9bf040000 - 0x00007ff9bf220000 	C:\WINDOWS\SYSTEM32\ntdll.dll
0x00007ff9be820000 - 0x00007ff9be8ce000 	C:\WINDOWS\System32\KERNEL32.DLL
0x00007ff9bc020000 - 0x00007ff9bc286000 	C:\WINDOWS\System32\KERNELBASE.dll
0x00007ff9b7360000 - 0x00007ff9b73e8000 	C:\WINDOWS\SYSTEM32\apphelp.dll
0x00007ff9beea0000 - 0x00007ff9bef41000 	C:\WINDOWS\System32\ADVAPI32.dll
0x00007ff9be780000 - 0x00007ff9be81d000 	C:\WINDOWS\System32\msvcrt.dll
0x00007ff9bd950000 - 0x00007ff9bd9ab000 	C:\WINDOWS\System32\sechost.dll
0x00007ff9bdc50000 - 0x00007ff9bdd6f000 	C:\WINDOWS\System32\RPCRT4.dll
0x00007ff9be400000 - 0x00007ff9be58f000 	C:\WINDOWS\System32\USER32.dll
0x00007ff9bbdb0000 - 0x00007ff9bbdd0000 	C:\WINDOWS\System32\win32u.dll
0x00007ff9bdc20000 - 0x00007ff9bdc48000 	C:\WINDOWS\System32\GDI32.dll
0x00007ff9bc370000 - 0x00007ff9bc503000 	C:\WINDOWS\System32\gdi32full.dll
0x00007ff9bbed0000 - 0x00007ff9bbf6b000 	C:\WINDOWS\System32\msvcp_win.dll
0x00007ff9bbdd0000 - 0x00007ff9bbec6000 	C:\WINDOWS\System32\ucrtbase.dll
0x00007ff9a9f20000 - 0x00007ff9aa189000 	C:\WINDOWS\WinSxS\amd64_microsoft.windows.common-controls_6595b64144ccf1df_6.0.16299.431_none_15c7d3ee93659e73\COMCTL32.dll
0x00007ff9b1690000 - 0x00007ff9b16aa000 	C:\Program Files\RedHat\java-1.8.0-openjdk-1.8.0.144-1\bin\ojdkbuild_zlib.dll
0x00007ff9be8d0000 - 0x00007ff9bebd8000 	C:\WINDOWS\System32\combase.dll
0x00007ff9bc290000 - 0x00007ff9bc302000 	C:\WINDOWS\System32\bcryptPrimitives.dll
0x00007ff9be1d0000 - 0x00007ff9be1fd000 	C:\WINDOWS\System32\IMM32.DLL
0x000000006f5b0000 - 0x000000006f682000 	C:\Program Files\RedHat\java-1.8.0-openjdk-1.8.0.144-1\jre\bin\msvcr100.dll
0x000000006e3f0000 - 0x000000006ecad000 	C:\Program Files\RedHat\java-1.8.0-openjdk-1.8.0.144-1\jre\bin\server\jvm.dll
0x00007ff9bef50000 - 0x00007ff9bef58000 	C:\WINDOWS\System32\PSAPI.DLL
0x00007ff9ad770000 - 0x00007ff9ad793000 	C:\WINDOWS\SYSTEM32\WINMM.dll
0x00007ff9b9730000 - 0x00007ff9b9739000 	C:\WINDOWS\SYSTEM32\WSOCK32.dll
0x00007ff9b21e0000 - 0x00007ff9b21ea000 	C:\WINDOWS\SYSTEM32\VERSION.dll
0x00007ff9bd9b0000 - 0x00007ff9bda1c000 	C:\WINDOWS\System32\WS2_32.dll
0x00007ff9ad740000 - 0x00007ff9ad76a000 	C:\WINDOWS\SYSTEM32\WINMMBASE.dll
0x00007ff9bbb90000 - 0x00007ff9bbbda000 	C:\WINDOWS\System32\cfgmgr32.dll
0x00007ff9b7620000 - 0x00007ff9b762f000 	C:\Program Files\RedHat\java-1.8.0-openjdk-1.8.0.144-1\jre\bin\verify.dll
0x00007ff9afad0000 - 0x00007ff9afaf9000 	C:\Program Files\RedHat\java-1.8.0-openjdk-1.8.0.144-1\jre\bin\java.dll
0x00007ff9b7600000 - 0x00007ff9b760b000 	C:\Program Files\RedHat\java-1.8.0-openjdk-1.8.0.144-1\jre\bin\zip.dll
0x00007ff9bc510000 - 0x00007ff9bd948000 	C:\WINDOWS\System32\SHELL32.dll
0x00007ff9be350000 - 0x00007ff9be3f6000 	C:\WINDOWS\System32\shcore.dll
0x00007ff9bb440000 - 0x00007ff9bbb87000 	C:\WINDOWS\System32\windows.storage.dll
0x00007ff9bee40000 - 0x00007ff9bee91000 	C:\WINDOWS\System32\shlwapi.dll
0x00007ff9bb3e0000 - 0x00007ff9bb3f1000 	C:\WINDOWS\System32\kernel.appcore.dll
0x00007ff9bb390000 - 0x00007ff9bb3dc000 	C:\WINDOWS\System32\powrprof.dll
0x00007ff9bb400000 - 0x00007ff9bb41b000 	C:\WINDOWS\System32\profapi.dll
0x00007ff9bad90000 - 0x00007ff9bada7000 	C:\WINDOWS\SYSTEM32\CRYPTSP.dll
0x00007ff9ba7c0000 - 0x00007ff9ba7f3000 	C:\WINDOWS\system32\rsaenh.dll
0x00007ff9bae90000 - 0x00007ff9baeb5000 	C:\WINDOWS\SYSTEM32\bcrypt.dll
0x00007ff9bb2c0000 - 0x00007ff9bb2e9000 	C:\WINDOWS\SYSTEM32\USERENV.dll
0x00007ff9bad80000 - 0x00007ff9bad8b000 	C:\WINDOWS\SYSTEM32\CRYPTBASE.dll
0x00007ff9afab0000 - 0x00007ff9afaca000 	C:\Program Files\RedHat\java-1.8.0-openjdk-1.8.0.144-1\jre\bin\net.dll
0x00007ff9babc0000 - 0x00007ff9bac26000 	C:\WINDOWS\system32\mswsock.dll
0x00007ff9ba950000 - 0x00007ff9ba989000 	C:\WINDOWS\SYSTEM32\IPHLPAPI.DLL
0x00007ff9bef60000 - 0x00007ff9bef68000 	C:\WINDOWS\System32\NSI.dll
0x00007ff9b5640000 - 0x00007ff9b5656000 	C:\WINDOWS\SYSTEM32\dhcpcsvc6.DLL
0x00007ff9b4ba0000 - 0x00007ff9b4bba000 	C:\WINDOWS\SYSTEM32\dhcpcsvc.DLL
0x00007ff9afa90000 - 0x00007ff9afaa1000 	C:\Program Files\RedHat\java-1.8.0-openjdk-1.8.0.144-1\jre\bin\nio.dll
0x00007ff9afa40000 - 0x00007ff9afa69000 	C:\Users\CarlosRubens\.vscode\extensions\redhat.java-0.24.0\server\config_win\org.eclipse.equinox.launcher\org.eclipse.equinox.launcher.win32.win32.x86_64_1.1.700.v20180323-1026\eclipse_1704.dll
0x00007ff9ac880000 - 0x00007ff9ac891000 	C:\Users\CarlosRubens\.vscode\extensions\redhat.java-0.24.0\server\config_win\org.eclipse.osgi\23\0\.cp\jWinHttp-1.0.0.dll
0x00007ff9be200000 - 0x00007ff9be349000 	C:\WINDOWS\System32\ole32.dll
0x00007ff9b4bc0000 - 0x00007ff9b4c9e000 	C:\WINDOWS\SYSTEM32\WINHTTP.dll
0x00007ff9ab460000 - 0x00007ff9ab4b8000 	C:\Program Files\RedHat\java-1.8.0-openjdk-1.8.0.144-1\jre\bin\ojdkbuild_nss.dll
0x00007ff9b1890000 - 0x00007ff9b1898000 	C:\Program Files\RedHat\java-1.8.0-openjdk-1.8.0.144-1\jre\bin\sunec.dll
0x00007ff9b2600000 - 0x00007ff9b260b000 	C:\Program Files\RedHat\java-1.8.0-openjdk-1.8.0.144-1\jre\bin\sunmscapi.dll
0x00007ff9bbbe0000 - 0x00007ff9bbdae000 	C:\WINDOWS\System32\CRYPT32.dll
0x00007ff9bb420000 - 0x00007ff9bb432000 	C:\WINDOWS\System32\MSASN1.dll
0x00007ff9ba990000 - 0x00007ff9baa46000 	C:\WINDOWS\SYSTEM32\DNSAPI.dll
0x00007ff9b4950000 - 0x00007ff9b495a000 	C:\Windows\System32\rasadhlp.dll
0x00007ff9b4dd0000 - 0x00007ff9b4e40000 	C:\WINDOWS\System32\fwpuclnt.dll

VM Arguments:
jvm_args: -Declipse.application=org.eclipse.jdt.ls.core.id1 -Dosgi.bundles.defaultStartLevel=4 -Declipse.product=org.eclipse.jdt.ls.core.product -Xverify:none -Xmx1G -XX:+UseG1GC -XX:+UseStringDeduplication 
java_command: C:\Users\CarlosRubens\.vscode\extensions\redhat.java-0.24.0\server\plugins\org.eclipse.equinox.launcher_1.5.0.v20180207-1446.jar -configuration C:\Users\CarlosRubens\.vscode\extensions\redhat.java-0.24.0\server\config_win -data C:\Users\CarlosRubens\AppData\Roaming\Code\User\workspaceStorage\540db4ef459e6132a8505888c495b941\redhat.java\jdt_ws
java_class_path (initial): C:\Users\CarlosRubens\.vscode\extensions\redhat.java-0.24.0\server\plugins\org.eclipse.equinox.launcher_1.5.0.v20180207-1446.jar
Launcher Type: SUN_STANDARD

Environment Variables:
PATH=C:\Users\CarlosRubens\Desktop\cmder\bin;C:\Users\CarlosRubens\Desktop\cmder\vendor\conemu-maximus5\ConEmu\Scripts;C:\Users\CarlosRubens\Desktop\cmder\vendor\conemu-maximus5;C:\Users\CarlosRubens\Desktop\cmder\vendor\conemu-maximus5\ConEmu;C:\Program Files (x86)\Common Files\Oracle\Java\javapath;C:\ProgramData\Oracle\Java\javapath;C:\WINDOWS\system32;C:\WINDOWS;C:\WINDOWS\System32\Wbem;C:\WINDOWS\System32\WindowsPowerShell\v1.0\;C:\Program Files\Microsoft SQL Server\130\Tools\Binn\;C:\Program Files\dotnet\;C:\Program Files (x86)\Microsoft SQL Server\Client SDK\ODBC\130\Tools\Binn\;C:\Program Files (x86)\Microsoft SQL Server\140\Tools\Binn\;C:\Program Files (x86)\Microsoft SQL Server\140\DTS\Binn\;C:\Program Files (x86)\Microsoft SQL Server\140\Tools\Binn\ManagementStudio\;C:\Program Files\RedHat\java-1.8.0-openjdk-1.8.0.144-1\bin;c:\sqlite;C:\Program Files\Git\cmd;C:\Program Files\Microsoft\Web Platform Installer\;C:\Program Files\nodejs\;C:\Program Files (x86)\Intel\OpenCL SDK\2.0\bin\x86;C:\Program Files (x86)\Intel\OpenCL SDK\2.0\bin\x64;C:\Program Files (x86)\Intel\OpenCL SDK\2.0\bin\x86;C:\Program Files (x86)\Intel\OpenCL SDK\2.0\bin\x64;C:\Users\CarlosRubens\AppData\Local\Microsoft\WindowsApps;C:\Program Files\Microsoft VS Code\bin;C:\Users\CarlosRubens\AppData\Roaming\npm;C:\Program Files\Git\usr\bin;C:\Program Files\Git\usr\share\vim\vim74;C:\Users\CarlosRubens\Desktop\cmder\
USERNAME=CarlosRubens
OS=Windows_NT
PROCESSOR_IDENTIFIER=Intel64 Family 6 Model 58 Stepping 9, GenuineIntel



---------------  S Y S T E M  ---------------

OS: Windows 10.0 , 64 bit Build 16299 (10.0.16299.431)

CPU:total 4 (initial active 4) (2 cores per cpu, 2 threads per core) family 6 model 58 stepping 9, cmov, cx8, fxsr, mmx, sse, sse2, sse3, ssse3, sse4.1, sse4.2, popcnt, avx, clmul, erms, ht, tsc, tscinvbit, tscinv

Memory: 4k page, physical 4029036k(370216k free), swap 5449324k(4368k free)

vm_info: OpenJDK 64-Bit Server VM (25.144-b01) for windows-amd64 JRE (1.8.0_144-1-redhat-b01), built on Sep 13 2017 13:23:42 by "build" with MS VC++ 10.0 (VS2010)

time: Thu May 10 18:40:37 2018
elapsed time: 109 seconds (0d 0h 1m 49s)

